<?xml version="1.0" encoding="UTF-8"?>
<testsuite xmlns:xsi="http://www.w3.org/2001/XMLSchema-instance" xsi:noNamespaceSchemaLocation="https://maven.apache.org/surefire/maven-surefire-plugin/xsd/surefire-test-report.xsd" name="com.example.weather.WeatherSDKTest" time="2.191" tests="2" errors="0" skipped="0" failures="0">
  <properties>
[...]
</properties>
  <testcase name="testCreateTwoSDKsSameKeyShouldFail" classname="com.example.weather.WeatherSDKTest" time="0.215"/>
  <testcase name="testCacheLimit" classname="com.example.weather.WeatherSDKTest" time="1.973"/>
</testsuite>